<?xml version="1.0" encoding="UTF-8"?>
<testng-results skipped="0" failed="0" ignored="0" total="1" passed="1">
  <reporter-output>
  </reporter-output>
  <suite name="Default suite" duration-ms="35777" started-at="2020-05-05T16:51:29 IST" finished-at="2020-05-05T16:52:05 IST">
    <groups>
    </groups>
    <test name="Default test" duration-ms="35777" started-at="2020-05-05T16:51:29 IST" finished-at="2020-05-05T16:52:05 IST">
      <class name="CodingChallenge.TestVagrant.flightSearch">
        <test-method status="PASS" signature="browserinititae()[pri:0, instance:CodingChallenge.TestVagrant.flightSearch@7a765367]" name="browserinititae" is-config="true" duration-ms="8468" started-at="2020-05-05T16:51:29 IST" finished-at="2020-05-05T16:51:38 IST">
          <reporter-output>
          </reporter-output>
        </test-method> <!-- browserinititae -->
        <test-method status="PASS" signature="Onewayjourney()[pri:0, instance:CodingChallenge.TestVagrant.flightSearch@7a765367]" name="Onewayjourney" duration-ms="27041" started-at="2020-05-05T16:51:38 IST" finished-at="2020-05-05T16:52:05 IST">
          <reporter-output>
          </reporter-output>
        </test-method> <!-- Onewayjourney -->
        <test-method status="PASS" signature="driverQuit()[pri:0, instance:CodingChallenge.TestVagrant.flightSearch@7a765367]" name="driverQuit" is-config="true" duration-ms="206" started-at="2020-05-05T16:52:05 IST" finished-at="2020-05-05T16:52:05 IST">
          <reporter-output>
          </reporter-output>
        </test-method> <!-- driverQuit -->
      </class> <!-- CodingChallenge.TestVagrant.flightSearch -->
    </test> <!-- Default test -->
  </suite> <!-- Default suite -->
</testng-results>
